APC: Apr 07 16:44:00 found slave: spica.dyer.vanderbilt.edu
APC: Apr 07 16:44:00 found slave: astro.dyer.vanderbilt.edu
APC: Apr 07 16:45:01 123.8 123.8 123.1 60.0 123.8 016.2 13.7 080.0
APC: Apr 07 16:46:08 123.8 124.5 123.1 60.0 123.8 016.2 13.8 080.0
APC: Apr 07 16:47:16 123.8 124.5 123.1 60.0 123.8 016.2 13.7 080.0
APC: Apr 07 16:47:16 astro.dyer.vanderbilt.edu closed socket stream, try later.
APC: Apr 07 16:48:23 123.8 124.5 123.8 60.0 123.8 017.5 13.7 080.0
APC: Apr 07 16:48:23 astro.dyer.vanderbilt.edu closed socket stream, try later.
APC: Apr 07 16:49:30 123.8 124.5 123.8 60.0 123.8 016.2 13.8 081.0
APC: Apr 07 16:49:30 astro.dyer.vanderbilt.edu closed socket stream, try later.
APC: Apr 07 16:50:37 123.8 124.5 123.1 60.0 123.8 016.2 13.7 081.0
APC: Apr 07 16:50:37 spica.dyer.vanderbilt.edu closed socket stream, try later.
APC: Apr 07 16:50:37 astro.dyer.vanderbilt.edu closed socket stream, try later.
APC: Apr 07 16:51:44 123.8 124.5 123.8 60.0 123.8 016.9 13.7 082.0
APC: Apr 07 16:51:44 Can't reconnect to slave spica.dyer.vanderbilt.edu.
APC: Apr 07 16:51:54 Can't reconnect to slave spica.dyer.vanderbilt.edu.
APC: Apr 07 16:52:04 Can't reconnect to slave spica.dyer.vanderbilt.edu.
APC: Apr 07 16:52:14 Can't reconnect to slave spica.dyer.vanderbilt.edu.
APC: Apr 07 16:52:24 Got reconnect to slave spica.dyer.vanderbilt.edu.
APC: Apr 07 16:52:25 Can't read magic from slave spica.dyer.vanderbilt.edu.
APC: Apr 07 16:52:25 Got reconnect to slave astro.dyer.vanderbilt.edu.
APC: Apr 07 16:52:26 Can't read magic from slave astro.dyer.vanderbilt.edu.
APC: Apr 07 16:52:48 123.8 124.5 123.1 60.0 123.8 016.2 13.7 082.0
APC: Apr 07 16:53:28 Can't connect to slave spica.dyer.vanderbilt.edu.
APC: Apr 07 16:53:28 Can't connect to slave astro.dyer.vanderbilt.edu.
APC: Apr 07 16:53:53 123.8 124.5 123.1 60.0 123.8 016.2 13.7 083.0
APC: Apr 07 16:54:58 123.8 124.5 123.1 60.0 123.8 016.2 13.7 083.0
APC: Apr 07 16:56:25 000.0 000.0 000.0 60.0 110.7 018.2 12.5 078.0
APC: Apr 07 16:56:42 000.0 000.0 000.0 60.0 110.7 017.5 12.5 077.0
APC: Apr 07 16:57:22 123.8 124.5 123.1 60.0 123.8 016.2 13.1 077.0
APC: Apr 07 16:58:29 123.8 124.5 123.8 60.0 123.8 016.2 13.4 078.0
APC: Apr 07 16:59:16 apcupsd exiting, signal 15
